
ROM used:   1315/8192 (16%)
            1315/8192 (16%) including unused fragments

            1.1 Average locations per line
            8.8 Average locations per statement

RAM used:   9/368 (2%) at main() level
            30/368 (8%) worst case

Stack used: 5 worst case (5 in main + 0 for interrupts)
Stack size: 8

Lines Stmts  %   Files
----- ----- ---  -----
   88    50  33  vent.c
  671     0   0  ..\..\..\..\..\Program Files (x86)\PICC\Devices\16f877a.h
  456   100  67  ..\..\..\..\..\Program Files (x86)\PICC\Drivers\lcd.c
----- -----
 1215   150 Total

Page ROM  %  RAM   Vol Diff  Functions:
---- --- --- ---   --- ----  ----------
0     21   2    1             @delay_ms1
 Inline         3   760  4.5  lcd_read_byte
0     49   4    2   262  3.7  lcd_read_nibble
0     43   3    1   399  2.4  lcd_send_nibble
0     92   7    3   415  3.7  lcd_send_byte
0     70   5    6   852  6.2  lcd_init
0     18   1    4   208  6.3  lcd_gotoxy
0     44   3    1   354  4.7  lcd_putc
0    315  24    4  1782  7.3  MAIN
0      9   1    0    69  1.6  @const672
0     86   7    4  1583  6.7  @PSTRINGC7_652
0      9   1    0             @const674
0      1   0    0             @const675
0     29   2    2             @ITOF
0    117   9   13             @MULFF
0    202  15   14             @DIVFF
0     31   2    4             @SFTOI
0      7   1    0             @const686
0     87   7    5             @PSTRINGCN7_652
0     21   2    3             @DIV88
0     53   4    2             @PRINTF_U_652
0      7   1    0             @const695
 Inline         0             @cinit1

Program metrics:
    Functions               10
    Statements              150
    Comments                262
    Volume (V)              9914
    Difficulty (D)          45.3
    Effort to implement (E) 449238
    Time to implement (T)   6 hours, 56 minutes
    Est Delivered Bugs (B)  2
    Cyclomatic Complexity   16
    Maintainability (MI)    141

 Segment     Used  Free
-----------  ----  ----
00000-00003     4  0  
00004-007FF  1311  733  
00800-00FFF     0  2048  
01000-017FF     0  2048  
01800-01FFF     0  2048  



