
ROM used:   154/8192 (2%)
            154/8192 (2%) including unused fragments

            0.2 Average locations per line
            2.4 Average locations per statement

RAM used:   6/368 (2%) at main() level
            6/368 (2%) worst case

Stack used: 1 worst case (1 in main + 0 for interrupts)
Stack size: 8

Lines Stmts  %   Files
----- ----- ---  -----
   63    64 100  keypad-7seg.c
  671     0   0  ..\..\..\..\..\Program Files (x86)\PICC\Devices\16f877a.h
----- -----
  734    64 Total

Page ROM  %  RAM   Vol Diff  Functions:
---- --- --- ---   --- ----  ----------
0     21  14    1             @delay_ms1
0    129  84    1  1560  3.4  main
 Inline         0             @cinit1

Program metrics:
    Functions               1
    Statements              64
    Comments                122
    Volume (V)              1566
    Difficulty (D)          3.4
    Effort to implement (E) 5271
    Time to implement (T)   5 minutes
    Est Delivered Bugs (B)  0
    Cyclomatic Complexity   12
    Maintainability (MI)    13

 Segment     Used  Free
-----------  ----  ----
00000-00003     4  0  
00004-007FF   150  1894  
00800-00FFF     0  2048  
01000-017FF     0  2048  
01800-01FFF     0  2048  



