
ROM used:   126/8192 (2%)
            126/8192 (2%) including unused fragments

            0.2 Average locations per line
            4.8 Average locations per statement

RAM used:   19/368 (5%) at main() level
            20/368 (5%) worst case

Stack used: 1 worst case (1 in main + 0 for interrupts)
Stack size: 8

Lines Stmts  %   Files
----- ----- ---  -----
   51    26 100  Pregunta4.c
  671     0   0  ..\..\..\..\..\..\..\..\..\Program Files (x86)\PICC\Devices\16f877a.h
----- -----
  722    26 Total

Page ROM  %  RAM   Vol Diff  Functions:
---- --- --- ---   --- ----  ----------
0     21  17    1             @delay_ms1
0    101  80   14  1064  5.1  main
 Inline         0             @cinit1

Program metrics:
    Functions               1
    Statements              26
    Comments                119
    Volume (V)              1070
    Difficulty (D)          5.0
    Effort to implement (E) 5348
    Time to implement (T)   5 minutes
    Est Delivered Bugs (B)  0
    Cyclomatic Complexity   4
    Maintainability (MI)    35

 Segment     Used  Free
-----------  ----  ----
00000-00003     4  0  
00004-007FF   122  1922  
00800-00FFF     0  2048  
01000-017FF     0  2048  
01800-01FFF     0  2048  



