
ROM used:   64/8192 (1%)
            64/8192 (1%) including unused fragments

            0.1 Average locations per line
            3.6 Average locations per statement

RAM used:   5/368 (1%) at main() level
            6/368 (2%) worst case

Stack used: 1 worst case (1 in main + 0 for interrupts)
Stack size: 8

Lines Stmts  %   Files
----- ----- ---  -----
   38    18 100  Pregunta1.c
  671     0   0  ..\..\..\..\..\..\..\..\..\Program Files (x86)\PICC\Devices\16f877a.h
----- -----
  709    18 Total

Page ROM  %  RAM   Vol Diff  Functions:
---- --- --- ---   --- ----  ----------
0     21  33    1             @delay_ms1
0     39  61    0   373  2.4  main
 Inline         0             @cinit1

Program metrics:
    Functions               1
    Statements              18
    Comments                119
    Volume (V)              377
    Difficulty (D)          2.2
    Effort to implement (E) 842
    Time to implement (T)   1 minutes
    Est Delivered Bugs (B)  0
    Cyclomatic Complexity   1
    Maintainability (MI)    47

 Segment     Used  Free
-----------  ----  ----
00000-00003     4  0  
00004-007FF    60  1984  
00800-00FFF     0  2048  
01000-017FF     0  2048  
01800-01FFF     0  2048  



