
ROM used:   108/8192 (1%)
            108/8192 (1%) including unused fragments

            0.2 Average locations per line
            5.4 Average locations per statement

RAM used:   18/368 (5%) at main() level
            19/368 (5%) worst case

Stack used: 1 worst case (1 in main + 0 for interrupts)
Stack size: 8

Lines Stmts  %   Files
----- ----- ---  -----
   42    20 100  Pregunta3.c
  671     0   0  ..\..\..\..\..\..\..\..\..\Program Files (x86)\PICC\Devices\16f877a.h
----- -----
  713    20 Total

Page ROM  %  RAM   Vol Diff  Functions:
---- --- --- ---   --- ----  ----------
0     21  19    1             @delay_ms1
0     83  77   13   809  5.1  main
 Inline         0             @cinit1

Program metrics:
    Functions               1
    Statements              20
    Comments                119
    Volume (V)              814
    Difficulty (D)          4.9
    Effort to implement (E) 4006
    Time to implement (T)   4 minutes
    Est Delivered Bugs (B)  0
    Cyclomatic Complexity   3
    Maintainability (MI)    40

 Segment     Used  Free
-----------  ----  ----
00000-00003     4  0  
00004-007FF   104  1940  
00800-00FFF     0  2048  
01000-017FF     0  2048  
01800-01FFF     0  2048  



