
ROM used:   95/8192 (1%)
            95/8192 (1%) including unused fragments

            0.1 Average locations per line
            1.9 Average locations per statement

RAM used:   6/368 (2%) at main() level
            6/368 (2%) worst case

Stack used: 1 worst case (1 in main + 0 for interrupts)
Stack size: 8

Lines Stmts  %   Files
----- ----- ---  -----
   51    51 100  goto.c
  671     0   0  ..\..\..\..\Program Files (x86)\PICC\Devices\16f877a.h
----- -----
  722    51 Total

Page ROM  %  RAM   Vol Diff  Functions:
---- --- --- ---   --- ----  ----------
0     21  22    1             @delay_ms1
0     70  74    1  1174  4.4  main
 Inline         0             @cinit1

Program metrics:
    Functions               1
    Statements              51
    Comments                120
    Volume (V)              1180
    Difficulty (D)          4.3
    Effort to implement (E) 5059
    Time to implement (T)   5 minutes
    Est Delivered Bugs (B)  0
    Cyclomatic Complexity   4
    Maintainability (MI)    22

 Segment     Used  Free
-----------  ----  ----
00000-00003     4  0  
00004-007FF    91  1953  
00800-00FFF     0  2048  
01000-017FF     0  2048  
01800-01FFF     0  2048  



