
ROM used:   198/8192 (2%)
            198/8192 (2%) including unused fragments

            0.3 Average locations per line
            6.2 Average locations per statement

RAM used:   6/368 (2%) at main() level
            23/368 (6%) worst case

Stack used: 1 worst case (1 in main + 0 for interrupts)
Stack size: 8

Lines Stmts  %   Files
----- ----- ---  -----
   49    32 100  ExamenM2.c
  671     0   0  ..\..\..\..\..\..\..\..\Program Files (x86)\PICC\Devices\16f877a.h
----- -----
  720    32 Total

Page ROM  %  RAM   Vol Diff  Functions:
---- --- --- ---   --- ----  ----------
0     21  11    1             @delay_ms1
0    113  57    1  1118  7.6  main
0     39  20    2             @MUL88
0     21  11    3             @DIV88
 Inline         0             @cinit1

Program metrics:
    Functions               1
    Statements              32
    Comments                119
    Volume (V)              1129
    Difficulty (D)          7.2
    Effort to implement (E) 8155
    Time to implement (T)   8 minutes
    Est Delivered Bugs (B)  0
    Cyclomatic Complexity   4
    Maintainability (MI)    31

 Segment     Used  Free
-----------  ----  ----
00000-00003     4  0  
00004-007FF   194  1850  
00800-00FFF     0  2048  
01000-017FF     0  2048  
01800-01FFF     0  2048  



