
ROM used:   963/8192 (12%)
            963/8192 (12%) including unused fragments

            0.8 Average locations per line
            4.0 Average locations per statement

RAM used:   11/368 (3%) at main() level
            27/368 (7%) worst case

Stack used: 5 worst case (5 in main + 0 for interrupts)
Stack size: 8

Lines Stmts  %   Files
----- ----- ---  -----
  141   140  58  trabajo-lcd.c
  671     0   0  ..\..\..\..\..\Program Files (x86)\PICC\Devices\16f877a.h
  456   100  42  ..\..\..\..\..\Program Files (x86)\PICC\Drivers\lcd.c
----- -----
 1268   240 Total

Page ROM  %  RAM   Vol Diff  Functions:
---- --- --- ---   --- ----  ----------
0     21   2    1             @delay_ms1
 Inline         3   760  4.5  lcd_read_byte
0     49   5    2   262  3.7  lcd_read_nibble
0     43   4    1   399  2.4  lcd_send_nibble
0     92  10    3   415  3.7  lcd_send_byte
0     70   7    6   852  6.2  lcd_init
0     18   2    4   208  6.3  lcd_gotoxy
0     44   5    1   354  4.7  lcd_putc
0     86   9    1  1787  3.4  keyDetection
0     13   1    0    69  1.6  motorControl
0    192  20    1  1518  7.4  MAIN
0      9   1    0  1335  6.8  @const678
0     86   9    4             @PSTRINGC7_656
0      9   1    0             @const680
0      1   0    0             @const681
0     39   4    2             @MUL88
0      1   0    0             @const685
0      5   1    0             @const688
0      7   1    0             @const689
0     87   9    5             @PSTRINGCN7_656
0     21   2    3             @DIV88
0     53   6    2             @PRINTF_U_656
0      6   1    0             @const698
0      7   1    0             @const699
 Inline         0             @cinit1

Program metrics:
    Functions               11
    Statements              240
    Comments                267
    Volume (V)              12010
    Difficulty (D)          49.0
    Effort to implement (E) 588243
    Time to implement (T)   9 hours, 5 minutes
    Est Delivered Bugs (B)  2
    Cyclomatic Complexity   29
    Maintainability (MI)    133

 Segment     Used  Free
-----------  ----  ----
00000-00003     4  0  
00004-007FF   959  1085  
00800-00FFF     0  2048  
01000-017FF     0  2048  
01800-01FFF     0  2048  



