
ROM used:   89/8192 (1%)
            89/8192 (1%) including unused fragments

            0.1 Average locations per line
            7.4 Average locations per statement

RAM used:   17/368 (5%) at main() level
            18/368 (5%) worst case

Stack used: 1 worst case (1 in main + 0 for interrupts)
Stack size: 8

Lines Stmts  %   Files
----- ----- ---  -----
   30    12 100  Pregunta2.c
  671     0   0  ..\..\..\..\..\..\..\..\..\Program Files (x86)\PICC\Devices\16f877a.h
----- -----
  701    12 Total

Page ROM  %  RAM   Vol Diff  Functions:
---- --- --- ---   --- ----  ----------
0     23  26    1             @delay_ms1
0     62  70   12   460  4.9  main
 Inline         0             @cinit1

Program metrics:
    Functions               1
    Statements              12
    Comments                119
    Volume (V)              465
    Difficulty (D)          4.6
    Effort to implement (E) 2156
    Time to implement (T)   2 minutes
    Est Delivered Bugs (B)  0
    Cyclomatic Complexity   1
    Maintainability (MI)    52

 Segment     Used  Free
-----------  ----  ----
00000-00003     4  0  
00004-007FF    85  1959  
00800-00FFF     0  2048  
01000-017FF     0  2048  
01800-01FFF     0  2048  



